Добро пожаловать в симулятор игры преферанс
Совет: выбирайте только указанные варианты, так как обработки исключений нет
Выберите нужное действие:
1 - Перейти к началу игры и вводу начальных условий
2  - Выход
Введите имя РАЗДАЮЩЕГО
Выберите вид игры:
1 - Игра до определенного количества раздач
2 - Игра до определенного количества суммарных очков в пуле
Введите число сколько раздач сыграют боты
Внимание не рекомендуется вводить количество раздач более 15 по причине длины лога
Начало раздачи 0
---------------------------
Карты 3:
DIAMONDS KING
SPADES JACK
HEARTS JACK
DIAMONDS JACK
CLUBS 7
DIAMONDS QUEEN
HEARTS QUEEN
DIAMONDS ACE
HEARTS 7
SPADES QUEEN
---------------------------
Карты 4:
CLUBS 10
SPADES 10
SPADES 8
CLUBS ACE
CLUBS 8
HEARTS ACE
CLUBS 9
SPADES ACE
CLUBS JACK
DIAMONDS 9
---------------------------
Карты 5:
SPADES 7
HEARTS 9
DIAMONDS 7
CLUBS QUEEN
DIAMONDS 10
HEARTS KING
HEARTS 8
SPADES 9
DIAMONDS 8
SPADES KING
---------------------------
Торг тур 1
Contract говорит 3
Contract говорит 4
Misery говорит 5
---------------------------
Торг тур 2
Pas говорит 3
Pas говорит 4
Misery говорит 5
---------------------------
Играем в МИЗЕР
---------------------------
Raund 0
3 Пололожил DIAMONDS KING
4 Пололожил DIAMONDS 9
5 Пололожил DIAMONDS 7
3 Забрал взятку 
---------------------------
Raund 1
3 Пололожил SPADES JACK
4 Пололожил SPADES 10
5 Пололожил SPADES 9
3 Забрал взятку 
---------------------------
Raund 2
3 Пололожил HEARTS JACK
4 Пололожил HEARTS ACE
5 Пололожил HEARTS KING
4 Забрал взятку 
---------------------------
Raund 3
4 Пололожил CLUBS 10
3 Пололожил CLUBS 7
5 Пололожил CLUBS QUEEN
5 Забрал взятку 
---------------------------
Raund 4
5 Пололожил DIAMONDS 10
3 Пололожил DIAMONDS JACK
4 Пололожил SPADES 8
3 Забрал взятку 
---------------------------
Raund 5
3 Пололожил DIAMONDS QUEEN
4 Пололожил CLUBS ACE
5 Пололожил DIAMONDS 8
3 Забрал взятку 
---------------------------
Raund 6
3 Пололожил HEARTS QUEEN
4 Пололожил CLUBS 8
5 Пололожил HEARTS 8
3 Забрал взятку 
---------------------------
Raund 7
3 Пололожил DIAMONDS ACE
4 Пололожил CLUBS 9
5 Пололожил SPADES KING
3 Забрал взятку 
---------------------------
Raund 8
3 Пололожил HEARTS 7
4 Пололожил SPADES ACE
5 Пололожил HEARTS 10
5 Забрал взятку 
---------------------------
Raund 9
5 Пололожил CLUBS KING
3 Пололожил SPADES QUEEN
4 Пололожил CLUBS JACK
5 Забрал взятку 
---------------------------
0 Гора 3
0 Пуля 3
0.0 Вистов 3 на 4
0.0 Вистов 3 на 5
---------------------------
0 Гора 4
0 Пуля 4
0.0 Вистов 4 на 3
0.0 Вистов 4 на 5
---------------------------
10 Гора 5
0 Пуля 5
0.0 Вистов 5 на 3
0.0 Вистов 5 на 4
---------------------------
Начало раздачи 1
---------------------------
Карты 3:
CLUBS QUEEN
DIAMONDS ACE
DIAMONDS 9
SPADES 10
HEARTS 10
HEARTS 8
SPADES 7
CLUBS JACK
HEARTS 9
CLUBS 8
---------------------------
Карты 4:
HEARTS ACE
CLUBS KING
SPADES KING
CLUBS ACE
CLUBS 7
DIAMONDS QUEEN
SPADES ACE
HEARTS JACK
CLUBS 10
DIAMONDS JACK
---------------------------
Карты 5:
SPADES JACK
SPADES 9
CLUBS 9
DIAMONDS 10
DIAMONDS 7
SPADES 8
HEARTS QUEEN
HEARTS KING
DIAMONDS 8
DIAMONDS KING
---------------------------
Торг тур 1
Misery говорит 3
Contract говорит 4
Contract говорит 5
---------------------------
Торг тур 2
Misery говорит 3
Pas говорит 4
Pas говорит 5
---------------------------
Играем в МИЗЕР
---------------------------
Raund 0
3 Пололожил DIAMONDS 9
4 Пололожил DIAMONDS QUEEN
5 Пололожил DIAMONDS 10
4 Забрал взятку 
---------------------------
Raund 1
4 Пололожил HEARTS ACE
3 Пололожил HEARTS 10
5 Пололожил HEARTS QUEEN
4 Забрал взятку 
---------------------------
Raund 2
4 Пололожил CLUBS KING
3 Пололожил CLUBS JACK
5 Пололожил CLUBS 9
4 Забрал взятку 
---------------------------
Raund 3
4 Пололожил SPADES KING
3 Пололожил SPADES 10
5 Пололожил SPADES JACK
4 Забрал взятку 
---------------------------
Raund 4
4 Пололожил CLUBS ACE
3 Пололожил CLUBS 8
5 Пололожил SPADES 9
4 Забрал взятку 
---------------------------
Raund 5
4 Пололожил CLUBS 7
3 Пололожил HEARTS 8
5 Пололожил DIAMONDS 7
4 Забрал взятку 
---------------------------
Raund 6
4 Пололожил SPADES ACE
3 Пололожил SPADES 7
5 Пололожил SPADES 8
4 Забрал взятку 
---------------------------
Raund 7
4 Пололожил HEARTS JACK
3 Пололожил HEARTS 9
5 Пололожил HEARTS KING
5 Забрал взятку 
---------------------------
Raund 8
5 Пололожил DIAMONDS 8
3 Пололожил SPADES QUEEN
4 Пололожил DIAMONDS JACK
4 Забрал взятку 
---------------------------
Raund 9
4 Пололожил CLUBS 10
3 Пололожил HEARTS 7
5 Пололожил DIAMONDS KING
4 Забрал взятку 
---------------------------
10 Гора 3
0 Пуля 3
0.0 Вистов 3 на 4
0.0 Вистов 3 на 5
---------------------------
0 Гора 4
0 Пуля 4
0.0 Вистов 4 на 3
0.0 Вистов 4 на 5
---------------------------
10 Гора 5
0 Пуля 5
0.0 Вистов 5 на 3
0.0 Вистов 5 на 4
---------------------------
Начало раздачи 2
---------------------------
Карты 3:
SPADES 10
CLUBS 9
HEARTS 7
DIAMONDS QUEEN
DIAMONDS ACE
CLUBS QUEEN
SPADES QUEEN
DIAMONDS JACK
SPADES ACE
HEARTS ACE
---------------------------
Карты 4:
HEARTS 9
DIAMONDS 10
DIAMONDS 8
CLUBS ACE
CLUBS 7
DIAMONDS 7
HEARTS 10
CLUBS JACK
SPADES KING
CLUBS KING
---------------------------
Карты 5:
HEARTS JACK
CLUBS 8
DIAMONDS KING
SPADES JACK
SPADES 8
HEARTS KING
CLUBS 10
DIAMONDS 9
HEARTS 8
SPADES 7
---------------------------
Торг тур 1
Pas говорит 3
Contract говорит 4
Pas говорит 5
---------------------------
Торг тур 2
Pas говорит 3
Contract говорит 4
Pas говорит 5
---------------------------
Играем КОНТРАКТ
Ответы при контракте
Vist говорит 3
Contract говорит 4
Pas говорит 5
---------------------------
Козырь CLUBS
---------------------------
3 говорит: играем в закрытую
---------------------------
3 Пололожил SPADES 10
4Пололожил SPADES KING
5 Пололожил SPADES JACK
4 Забрал взятку
---------------------------
4 Пололожил DIAMONDS 8
3Пололожил DIAMONDS QUEEN
5 Пололожил DIAMONDS KING
5 Забрал взятку
---------------------------
5 Пололожил HEARTS JACK
3Пололожил HEARTS 7
4 Пололожил HEARTS 10
5 Забрал взятку
---------------------------
5 Пололожил CLUBS 8
3Пололожил CLUBS 9
4 Пололожил CLUBS ACE
4 Забрал взятку
---------------------------
4 Пололожил CLUBS 7
3Пололожил CLUBS QUEEN
5 Пололожил CLUBS 10
3 Забрал взятку
---------------------------
3 Пололожил DIAMONDS ACE
4Пололожил DIAMONDS 7
5 Пололожил DIAMONDS 9
3 Забрал взятку
---------------------------
3 Пололожил SPADES QUEEN
4Пололожил SPADES 9
5 Пололожил SPADES 8
3 Забрал взятку
---------------------------
3 Пололожил DIAMONDS JACK
4Пололожил CLUBS JACK
5 Пололожил HEARTS KING
4 Забрал взятку
---------------------------
4 Пололожил CLUBS KING
3Пололожил SPADES ACE
5 Пололожил HEARTS 8
4 Забрал взятку
---------------------------
4 Пололожил HEARTS QUEEN
3Пололожил HEARTS ACE
5 Пололожил SPADES 7
3 Забрал взятку
---------------------------
10 Гора 3
0 Пуля 3
28.0 Вистов 3 на 4
0.0 Вистов 3 на 5
---------------------------
0 Гора 4
2 Пуля 4
0.0 Вистов 4 на 3
0.0 Вистов 4 на 5
---------------------------
10 Гора 5
0 Пуля 5
0.0 Вистов 5 на 3
0.0 Вистов 5 на 4
---------------------------
Начало раздачи 3
---------------------------
Карты 3:
DIAMONDS QUEEN
SPADES 7
DIAMONDS ACE
DIAMONDS 9
CLUBS JACK
HEARTS ACE
CLUBS ACE
SPADES 10
SPADES QUEEN
SPADES 8
---------------------------
Карты 4:
SPADES 9
DIAMONDS 10
SPADES ACE
CLUBS 7
HEARTS KING
HEARTS 10
HEARTS JACK
HEARTS QUEEN
SPADES JACK
CLUBS 10
---------------------------
Карты 5:
CLUBS 9
HEARTS 8
HEARTS 9
CLUBS QUEEN
DIAMONDS 8
SPADES KING
DIAMONDS JACK
CLUBS 8
DIAMONDS KING
HEARTS 7
---------------------------
Торг тур 1
Contract говорит 3
Contract говорит 4
Pas говорит 5
---------------------------
Торг тур 2
Pas говорит 3
Contract говорит 4
Pas говорит 5
---------------------------
Играем КОНТРАКТ
Ответы при контракте
Vist говорит 3
Contract говорит 4
Pas говорит 5
---------------------------
Козырь HEARTS
---------------------------
3 говорит: играем в закрытую
---------------------------
3 Пололожил DIAMONDS QUEEN
4Пололожил DIAMONDS 7
5 Пололожил DIAMONDS 8
3 Забрал взятку
---------------------------
3 Пололожил SPADES 7
4Пололожил SPADES ACE
5 Пололожил SPADES KING
4 Забрал взятку
---------------------------
4 Пололожил CLUBS 7
3Пололожил CLUBS JACK
5 Пололожил CLUBS 9
3 Забрал взятку
---------------------------
3 Пололожил DIAMONDS ACE
4Пололожил HEARTS KING
5 Пололожил DIAMONDS JACK
4 Забрал взятку
---------------------------
4 Пололожил HEARTS 10
3Пололожил HEARTS ACE
5 Пололожил HEARTS 8
3 Забрал взятку
---------------------------
3 Пололожил DIAMONDS 9
4Пололожил HEARTS JACK
5 Пололожил DIAMONDS KING
4 Забрал взятку
---------------------------
4 Пололожил HEARTS QUEEN
3Пололожил CLUBS ACE
5 Пололожил HEARTS 9
4 Забрал взятку
---------------------------
4 Пололожил SPADES JACK
3Пололожил SPADES 10
5 Пололожил HEARTS 7
5 Забрал взятку
---------------------------
5 Пололожил CLUBS QUEEN
3Пололожил SPADES QUEEN
4 Пололожил CLUBS 10
5 Забрал взятку
---------------------------
5 Пололожил CLUBS 8
3Пололожил SPADES 8
4 Пололожил CLUBS KING
4 Забрал взятку
---------------------------
10 Гора 3
0 Пуля 3
38.0 Вистов 3 на 4
0.0 Вистов 3 на 5
---------------------------
0 Гора 4
4 Пуля 4
0.0 Вистов 4 на 3
0.0 Вистов 4 на 5
---------------------------
10 Гора 5
0 Пуля 5
0.0 Вистов 5 на 3
0.0 Вистов 5 на 4
---------------------------
Начало раздачи 4
---------------------------
Карты 3:
CLUBS JACK
HEARTS 8
DIAMONDS ACE
SPADES ACE
DIAMONDS 8
HEARTS KING
DIAMONDS 9
HEARTS ACE
DIAMONDS 10
DIAMONDS 7
---------------------------
Карты 4:
DIAMONDS KING
HEARTS JACK
CLUBS 7
HEARTS 10
HEARTS 9
CLUBS 10
CLUBS 8
SPADES 8
CLUBS QUEEN
DIAMONDS JACK
---------------------------
Карты 5:
CLUBS KING
DIAMONDS QUEEN
HEARTS 7
CLUBS 9
CLUBS ACE
SPADES QUEEN
SPADES 7
HEARTS QUEEN
SPADES KING
SPADES 9
---------------------------
Торг тур 1
Contract говорит 3
Contract говорит 4
Contract говорит 5
---------------------------
Торг тур 2
Contract говорит 3
Pas говорит 4
Pas говорит 5
---------------------------
Играем КОНТРАКТ
Ответы при контракте
Contract говорит 3
Vist говорит 4
Vist говорит 5
---------------------------
Козырь DIAMONDS
---------------------------
---------------------------
3 Пололожил DIAMONDS ACE
4Пололожил DIAMONDS KING
5 Пололожил DIAMONDS QUEEN
3 Забрал взятку
---------------------------
3 Пололожил SPADES ACE
4Пололожил SPADES 8
5 Пололожил SPADES QUEEN
3 Забрал взятку
---------------------------
3 Пололожил DIAMONDS 8
4Пололожил DIAMONDS JACK
5 Пололожил CLUBS KING
4 Забрал взятку
---------------------------
4 Пололожил HEARTS JACK
3Пололожил HEARTS KING
5 Пололожил HEARTS 7
3 Забрал взятку
---------------------------
3 Пололожил DIAMONDS 9
4Пололожил CLUBS 7
5 Пололожил CLUBS 9
3 Забрал взятку
---------------------------
3 Пололожил HEARTS ACE
4Пололожил HEARTS 10
5 Пололожил HEARTS QUEEN
3 Забрал взятку
---------------------------
3 Пололожил DIAMONDS 10
4Пололожил HEARTS 9
5 Пололожил CLUBS ACE
3 Забрал взятку
---------------------------
3 Пололожил DIAMONDS 7
4Пололожил CLUBS 10
5 Пололожил SPADES 7
3 Забрал взятку
---------------------------
3 Пололожил SPADES 10
4Пололожил CLUBS 8
5 Пололожил SPADES KING
5 Забрал взятку
---------------------------
5 Пололожил SPADES 9
3Пололожил SPADES JACK
4 Пололожил CLUBS QUEEN
3 Забрал взятку
---------------------------
10 Гора 3
2 Пуля 3
38.0 Вистов 3 на 4
0.0 Вистов 3 на 5
---------------------------
0 Гора 4
4 Пуля 4
40.0 Вистов 4 на 3
0.0 Вистов 4 на 5
---------------------------
10 Гора 5
0 Пуля 5
18.0 Вистов 5 на 3
0.0 Вистов 5 на 4
---------------------------
Начало раздачи 5
---------------------------
Карты 3:
SPADES 8
HEARTS ACE
HEARTS 9
DIAMONDS ACE
SPADES 9
DIAMONDS QUEEN
CLUBS 8
HEARTS KING
CLUBS 7
CLUBS KING
---------------------------
Карты 4:
SPADES KING
DIAMONDS 9
DIAMONDS KING
CLUBS JACK
HEARTS 8
HEARTS JACK
DIAMONDS JACK
CLUBS 10
DIAMONDS 7
CLUBS QUEEN
---------------------------
Карты 5:
SPADES QUEEN
SPADES ACE
SPADES JACK
HEARTS 7
DIAMONDS 8
HEARTS QUEEN
CLUBS ACE
CLUBS 9
DIAMONDS 10
SPADES 7
---------------------------
Торг тур 1
Pas говорит 3
Contract говорит 4
Contract говорит 5
---------------------------
Торг тур 2
Pas говорит 3
Contract говорит 4
Pas говорит 5
---------------------------
Играем КОНТРАКТ
Ответы при контракте
Vist говорит 3
Contract говорит 4
Pas говорит 5
---------------------------
Козырь DIAMONDS
---------------------------
3 говорит: играем в закрытую
---------------------------
3 Пололожил SPADES 8
4Пололожил SPADES 10
5 Пололожил SPADES QUEEN
5 Забрал взятку
---------------------------
5 Пололожил SPADES ACE
3Пололожил SPADES 9
4 Пололожил DIAMONDS KING
4 Забрал взятку
---------------------------
4 Пололожил CLUBS JACK
3Пололожил CLUBS 8
5 Пололожил CLUBS ACE
5 Забрал взятку
---------------------------
5 Пололожил SPADES JACK
3Пололожил DIAMONDS ACE
4 Пололожил DIAMONDS JACK
3 Забрал взятку
---------------------------
3 Пололожил HEARTS ACE
4Пололожил HEARTS 8
5 Пололожил HEARTS 7
3 Забрал взятку
---------------------------
3 Пололожил HEARTS 9
4Пололожил HEARTS JACK
5 Пололожил HEARTS QUEEN
5 Забрал взятку
---------------------------
5 Пололожил DIAMONDS 8
3Пололожил DIAMONDS QUEEN
4 Пололожил DIAMONDS 7
3 Забрал взятку
---------------------------
3 Пололожил HEARTS KING
4Пололожил HEARTS 10
5 Пололожил DIAMONDS 10
5 Забрал взятку
---------------------------
5 Пололожил CLUBS 9
3Пололожил CLUBS 7
4 Пололожил CLUBS 10
4 Забрал взятку
---------------------------
4 Пололожил CLUBS QUEEN
3Пололожил CLUBS KING
5 Пололожил SPADES 7
3 Забрал взятку
---------------------------
10 Гора 3
2 Пуля 3
84.0 Вистов 3 на 4
0.0 Вистов 3 на 5
---------------------------
0 Гора 4
6 Пуля 4
40.0 Вистов 4 на 3
0.0 Вистов 4 на 5
---------------------------
10 Гора 5
0 Пуля 5
18.0 Вистов 5 на 3
0.0 Вистов 5 на 4
---------------------------
Начало раздачи 6
---------------------------
Карты 3:
CLUBS QUEEN
CLUBS 7
DIAMONDS JACK
CLUBS ACE
HEARTS JACK
SPADES 7
HEARTS 7
HEARTS QUEEN
CLUBS JACK
HEARTS 10
---------------------------
Карты 4:
DIAMONDS QUEEN
DIAMONDS 7
DIAMONDS 8
DIAMONDS 10
HEARTS 9
CLUBS KING
CLUBS 8
HEARTS ACE
DIAMONDS ACE
HEARTS KING
---------------------------
Карты 5:
SPADES KING
SPADES 8
SPADES ACE
SPADES 10
SPADES 9
DIAMONDS KING
CLUBS 10
HEARTS 8
CLUBS 9
SPADES QUEEN
---------------------------
Торг тур 1
Contract говорит 3
Contract говорит 4
Contract говорит 5
---------------------------
Торг тур 2
Contract говорит 3
Pas говорит 4
Pas говорит 5
---------------------------
Играем КОНТРАКТ
Ответы при контракте
Contract говорит 3
Vist говорит 4
Vist говорит 5
---------------------------
Козырь HEARTS
---------------------------
---------------------------
3 Пололожил DIAMONDS JACK
4Пололожил DIAMONDS QUEEN
5 Пололожил DIAMONDS KING
5 Забрал взятку
---------------------------
5 Пололожил SPADES KING
3Пололожил SPADES 7
4 Пололожил HEARTS 9
4 Забрал взятку
---------------------------
4 Пололожил DIAMONDS 7
3Пололожил DIAMONDS 9
5 Пололожил HEARTS 8
5 Забрал взятку
---------------------------
5 Пололожил SPADES 8
3Пололожил SPADES JACK
4 Пололожил HEARTS ACE
4 Забрал взятку
---------------------------
4 Пололожил DIAMONDS 8
3Пололожил HEARTS JACK
5 Пололожил SPADES ACE
3 Забрал взятку
---------------------------
3 Пололожил CLUBS ACE
4Пололожил CLUBS KING
5 Пололожил CLUBS 10
3 Забрал взятку
---------------------------
3 Пололожил HEARTS 7
4Пололожил HEARTS KING
5 Пололожил SPADES 10
4 Забрал взятку
---------------------------
4 Пололожил DIAMONDS 10
3Пололожил HEARTS QUEEN
5 Пололожил SPADES 9
3 Забрал взятку
---------------------------
3 Пололожил CLUBS JACK
4Пололожил CLUBS 8
5 Пололожил CLUBS 9
3 Забрал взятку
---------------------------
3 Пололожил HEARTS 10
4Пололожил DIAMONDS ACE
5 Пололожил SPADES QUEEN
3 Забрал взятку
---------------------------
10 Гора 3
8 Пуля 3
84.0 Вистов 3 на 4
0.0 Вистов 3 на 5
---------------------------
0 Гора 4
6 Пуля 4
190.0 Вистов 4 на 3
0.0 Вистов 4 на 5
---------------------------
10 Гора 5
0 Пуля 5
108.0 Вистов 5 на 3
0.0 Вистов 5 на 4
---------------------------
Начало раздачи 7
---------------------------
Карты 3:
HEARTS 10
CLUBS QUEEN
HEARTS QUEEN
SPADES ACE
DIAMONDS JACK
HEARTS KING
DIAMONDS KING
CLUBS ACE
DIAMONDS 9
DIAMONDS QUEEN
---------------------------
Карты 4:
CLUBS 8
CLUBS KING
SPADES 10
HEARTS 8
DIAMONDS 8
DIAMONDS 7
CLUBS 7
CLUBS 10
SPADES 8
SPADES 7
---------------------------
Карты 5:
SPADES 9
SPADES QUEEN
SPADES JACK
CLUBS 9
DIAMONDS ACE
SPADES KING
HEARTS 7
HEARTS ACE
CLUBS JACK
HEARTS JACK
---------------------------
Торг тур 1
Contract говорит 3
Misery говорит 4
Contract говорит 5
---------------------------
Торг тур 2
Pas говорит 3
Misery говорит 4
Pas говорит 5
---------------------------
Играем в МИЗЕР
---------------------------
Raund 0
3 Пололожил HEARTS 10
4 Пололожил HEARTS 8
5 Пололожил HEARTS 7
3 Забрал взятку 
---------------------------
Raund 1
3 Пололожил CLUBS QUEEN
4 Пололожил CLUBS 7
5 Пололожил CLUBS 9
3 Забрал взятку 
---------------------------
Raund 2
3 Пололожил HEARTS QUEEN
4 Пололожил HEARTS 9
5 Пололожил HEARTS ACE
5 Забрал взятку 
---------------------------
Raund 3
5 Пололожил SPADES 9
3 Пололожил SPADES ACE
4 Пололожил SPADES 10
3 Забрал взятку 
---------------------------
Raund 4
3 Пололожил DIAMONDS JACK
4 Пололожил DIAMONDS 8
5 Пололожил DIAMONDS ACE
5 Забрал взятку 
---------------------------
Raund 5
5 Пололожил SPADES QUEEN
3 Пололожил HEARTS KING
4 Пололожил SPADES 8
5 Забрал взятку 
---------------------------
Raund 6
5 Пололожил SPADES JACK
3 Пололожил DIAMONDS KING
4 Пололожил SPADES 7
5 Забрал взятку 
---------------------------
Raund 7
5 Пололожил SPADES KING
3 Пололожил CLUBS ACE
4 Пололожил DIAMONDS 7
5 Забрал взятку 
---------------------------
Raund 8
5 Пололожил CLUBS JACK
3 Пололожил DIAMONDS 9
4 Пололожил CLUBS 10
5 Забрал взятку 
---------------------------
Raund 9
5 Пололожил HEARTS JACK
3 Пололожил DIAMONDS QUEEN
4 Пололожил DIAMONDS 10
5 Забрал взятку 
---------------------------
10 Гора 3
8 Пуля 3
84.0 Вистов 3 на 4
0.0 Вистов 3 на 5
---------------------------
10 Гора 4
6 Пуля 4
190.0 Вистов 4 на 3
0.0 Вистов 4 на 5
---------------------------
10 Гора 5
0 Пуля 5
108.0 Вистов 5 на 3
0.0 Вистов 5 на 4
---------------------------
Начало раздачи 8
---------------------------
Карты 3:
SPADES 8
DIAMONDS ACE
SPADES KING
DIAMONDS 10
CLUBS QUEEN
HEARTS ACE
HEARTS KING
HEARTS JACK
SPADES 10
HEARTS 9
---------------------------
Карты 4:
CLUBS 9
CLUBS 7
DIAMONDS JACK
DIAMONDS KING
SPADES JACK
DIAMONDS 7
CLUBS KING
DIAMONDS QUEEN
HEARTS 8
CLUBS JACK
---------------------------
Карты 5:
HEARTS 10
SPADES QUEEN
SPADES ACE
CLUBS ACE
HEARTS QUEEN
CLUBS 8
HEARTS 7
SPADES 7
DIAMONDS 8
DIAMONDS 9
---------------------------
Торг тур 1
Contract говорит 3
Contract говорит 4
Pas говорит 5
---------------------------
Торг тур 2
Contract говорит 3
Pas говорит 4
Pas говорит 5
---------------------------
Играем КОНТРАКТ
Ответы при контракте
Contract говорит 3
Vist говорит 4
Vist говорит 5
---------------------------
Козырь HEARTS
---------------------------
---------------------------
3 Пололожил SPADES KING
4Пололожил SPADES JACK
5 Пололожил SPADES QUEEN
3 Забрал взятку
---------------------------
3 Пололожил DIAMONDS 10
4Пололожил DIAMONDS JACK
5 Пололожил DIAMONDS 8
4 Забрал взятку
---------------------------
4 Пололожил CLUBS 9
3Пололожил CLUBS QUEEN
5 Пололожил CLUBS ACE
5 Забрал взятку
---------------------------
5 Пололожил HEARTS 10
3Пололожил HEARTS ACE
4 Пололожил HEARTS 8
3 Забрал взятку
---------------------------
3 Пололожил HEARTS KING
4Пололожил CLUBS 7
5 Пололожил HEARTS QUEEN
3 Забрал взятку
---------------------------
3 Пололожил HEARTS JACK
4Пололожил DIAMONDS KING
5 Пололожил HEARTS 7
3 Забрал взятку
---------------------------
3 Пололожил SPADES 10
4Пололожил DIAMONDS 7
5 Пололожил SPADES ACE
5 Забрал взятку
---------------------------
5 Пололожил CLUBS 8
3Пололожил CLUBS 10
4 Пололожил CLUBS KING
4 Забрал взятку
---------------------------
4 Пололожил DIAMONDS QUEEN
3Пололожил HEARTS 9
5 Пололожил DIAMONDS 9
3 Забрал взятку
---------------------------
3 Пололожил SPADES 9
4Пололожил CLUBS JACK
5 Пололожил SPADES 7
3 Забрал взятку
---------------------------
10 Гора 3
10 Пуля 3
84.0 Вистов 3 на 4
0.0 Вистов 3 на 5
---------------------------
10 Гора 4
6 Пуля 4
244.0 Вистов 4 на 3
0.0 Вистов 4 на 5
---------------------------
10 Гора 5
0 Пуля 5
156.0 Вистов 5 на 3
0.0 Вистов 5 на 4
---------------------------
Начало раздачи 9
---------------------------
Карты 3:
DIAMONDS 8
CLUBS 8
SPADES 10
HEARTS 10
CLUBS 7
CLUBS ACE
CLUBS 10
HEARTS 8
HEARTS JACK
SPADES ACE
---------------------------
Карты 4:
HEARTS ACE
CLUBS QUEEN
DIAMONDS 10
SPADES 7
DIAMONDS QUEEN
SPADES QUEEN
HEARTS 7
SPADES 9
DIAMONDS 7
DIAMONDS KING
---------------------------
Карты 5:
SPADES 8
SPADES KING
CLUBS 9
SPADES JACK
DIAMONDS ACE
HEARTS KING
DIAMONDS JACK
CLUBS JACK
HEARTS 9
HEARTS QUEEN
---------------------------
Торг тур 1
Misery говорит 3
Contract говорит 4
Pas говорит 5
---------------------------
Торг тур 2
Misery говорит 3
Pas говорит 4
Pas говорит 5
---------------------------
Играем в МИЗЕР
---------------------------
Raund 0
3 Пололожил SPADES 10
4 Пололожил SPADES 7
5 Пололожил SPADES 8
3 Забрал взятку 
---------------------------
Raund 1
3 Пололожил HEARTS 10
4 Пололожил HEARTS ACE
5 Пололожил HEARTS KING
4 Забрал взятку 
---------------------------
Raund 2
4 Пололожил CLUBS QUEEN
3 Пололожил CLUBS 7
5 Пололожил CLUBS 9
4 Забрал взятку 
---------------------------
Raund 3
4 Пололожил DIAMONDS 10
3 Пололожил DIAMONDS 9
5 Пололожил DIAMONDS ACE
5 Забрал взятку 
---------------------------
Raund 4
5 Пололожил SPADES KING
3 Пололожил SPADES ACE
4 Пололожил SPADES QUEEN
3 Забрал взятку 
---------------------------
Raund 5
3 Пололожил CLUBS ACE
4 Пололожил DIAMONDS QUEEN
5 Пололожил CLUBS JACK
3 Забрал взятку 
---------------------------
Raund 6
3 Пололожил CLUBS 10
4 Пололожил HEARTS 7
5 Пололожил SPADES JACK
3 Забрал взятку 
---------------------------
Raund 7
3 Пололожил HEARTS 8
4 Пололожил SPADES 9
5 Пололожил HEARTS 9
5 Забрал взятку 
---------------------------
Raund 8
5 Пололожил DIAMONDS JACK
3 Пололожил HEARTS JACK
4 Пололожил DIAMONDS 7
5 Забрал взятку 
---------------------------
Raund 9
5 Пололожил HEARTS QUEEN
3 Пололожил CLUBS KING
4 Пололожил DIAMONDS KING
5 Забрал взятку 
---------------------------
20 Гора 3
10 Пуля 3
84.0 Вистов 3 на 4
0.0 Вистов 3 на 5
---------------------------
10 Гора 4
6 Пуля 4
244.0 Вистов 4 на 3
0.0 Вистов 4 на 5
---------------------------
10 Гора 5
0 Пуля 5
156.0 Вистов 5 на 3
0.0 Вистов 5 на 4
---------------------------
Начало раздачи 10
---------------------------
Карты 3:
DIAMONDS 8
HEARTS KING
SPADES ACE
HEARTS 8
HEARTS ACE
HEARTS JACK
CLUBS 8
SPADES 8
HEARTS QUEEN
CLUBS ACE
---------------------------
Карты 4:
CLUBS JACK
SPADES 7
HEARTS 7
SPADES 9
CLUBS KING
DIAMONDS ACE
CLUBS 9
CLUBS 10
HEARTS 10
DIAMONDS QUEEN
---------------------------
Карты 5:
DIAMONDS 7
DIAMONDS 10
SPADES JACK
DIAMONDS JACK
DIAMONDS KING
SPADES 10
CLUBS 7
SPADES QUEEN
DIAMONDS 9
CLUBS QUEEN
---------------------------
Торг тур 1
Contract говорит 3
Contract говорит 4
Contract говорит 5
---------------------------
Торг тур 2
Contract говорит 3
Pas говорит 4
Pas говорит 5
---------------------------
Играем КОНТРАКТ
Ответы при контракте
Contract говорит 3
Vist говорит 4
Vist говорит 5
---------------------------
Козырь HEARTS
---------------------------
---------------------------
3 Пололожил SPADES ACE
4Пололожил SPADES 7
5 Пололожил SPADES JACK
3 Забрал взятку
---------------------------
3 Пололожил HEARTS 8
4Пололожил HEARTS 7
5 Пололожил DIAMONDS 7
3 Забрал взятку
---------------------------
3 Пололожил HEARTS ACE
4Пололожил HEARTS 10
5 Пололожил DIAMONDS 10
3 Забрал взятку
---------------------------
3 Пололожил HEARTS JACK
4Пололожил CLUBS JACK
5 Пололожил DIAMONDS JACK
3 Забрал взятку
---------------------------
3 Пололожил CLUBS 8
4Пололожил CLUBS KING
5 Пололожил CLUBS 7
4 Забрал взятку
---------------------------
4 Пололожил SPADES 9
3Пололожил SPADES 8
5 Пололожил SPADES 10
5 Забрал взятку
---------------------------
5 Пололожил DIAMONDS KING
3Пололожил HEARTS QUEEN
4 Пололожил DIAMONDS ACE
3 Забрал взятку
---------------------------
3 Пололожил CLUBS ACE
4Пололожил CLUBS 9
5 Пололожил CLUBS QUEEN
3 Забрал взятку
---------------------------
3 Пололожил HEARTS 9
4Пололожил CLUBS 10
5 Пололожил SPADES QUEEN
3 Забрал взятку
---------------------------
3 Пололожил SPADES KING
4Пололожил DIAMONDS QUEEN
5 Пололожил DIAMONDS 9
3 Забрал взятку
---------------------------
20 Гора 3
14 Пуля 3
84.0 Вистов 3 на 4
0.0 Вистов 3 на 5
---------------------------
10 Гора 4
6 Пуля 4
364.0 Вистов 4 на 3
0.0 Вистов 4 на 5
---------------------------
10 Гора 5
0 Пуля 5
272.0 Вистов 5 на 3
0.0 Вистов 5 на 4
---------------------------
Начало раздачи 11
---------------------------
Карты 3:
CLUBS QUEEN
CLUBS 10
DIAMONDS 9
HEARTS JACK
DIAMONDS KING
DIAMONDS 10
SPADES ACE
DIAMONDS QUEEN
HEARTS 8
HEARTS QUEEN
---------------------------
Карты 4:
SPADES KING
SPADES 10
CLUBS KING
CLUBS 8
SPADES QUEEN
SPADES 7
CLUBS ACE
HEARTS 10
HEARTS 9
SPADES 9
---------------------------
Карты 5:
DIAMONDS 7
DIAMONDS ACE
DIAMONDS JACK
SPADES 8
CLUBS 9
CLUBS 7
SPADES JACK
HEARTS ACE
CLUBS JACK
DIAMONDS 8
---------------------------
Торг тур 1
Contract говорит 3
Contract говорит 4
Contract говорит 5
---------------------------
Торг тур 2
Contract говорит 3
Pas говорит 4
Pas говорит 5
---------------------------
Играем КОНТРАКТ
Ответы при контракте
Contract говорит 3
Vist говорит 4
Vist говорит 5
---------------------------
Козырь DIAMONDS
---------------------------
---------------------------
3 Пололожил DIAMONDS 9
4Пололожил SPADES KING
5 Пололожил DIAMONDS 7
3 Забрал взятку
---------------------------
3 Пололожил HEARTS JACK
4Пололожил HEARTS 10
5 Пололожил HEARTS ACE
5 Забрал взятку
---------------------------
5 Пололожил DIAMONDS ACE
3Пололожил DIAMONDS KING
4 Пололожил SPADES 10
5 Забрал взятку
---------------------------
5 Пололожил DIAMONDS JACK
3Пололожил DIAMONDS 10
4 Пололожил CLUBS KING
5 Забрал взятку
---------------------------
5 Пололожил SPADES 8
3Пололожил SPADES ACE
4 Пололожил SPADES QUEEN
3 Забрал взятку
---------------------------
3 Пололожил DIAMONDS QUEEN
4Пололожил CLUBS 8
5 Пололожил DIAMONDS 8
3 Забрал взятку
---------------------------
3 Пололожил HEARTS 8
4Пололожил HEARTS 9
5 Пололожил CLUBS 9
4 Забрал взятку
---------------------------
4 Пололожил SPADES 7
3Пололожил HEARTS QUEEN
5 Пололожил SPADES JACK
5 Забрал взятку
---------------------------
5 Пололожил CLUBS 7
3Пололожил HEARTS KING
4 Пололожил CLUBS ACE
4 Забрал взятку
---------------------------
4 Пололожил SPADES 9
3Пололожил HEARTS 7
5 Пололожил CLUBS JACK
4 Забрал взятку
---------------------------
20 Гора 3
16 Пуля 3
84.0 Вистов 3 на 4
0.0 Вистов 3 на 5
---------------------------
10 Гора 4
6 Пуля 4
430.0 Вистов 4 на 3
0.0 Вистов 4 на 5
---------------------------
10 Гора 5
0 Пуля 5
338.0 Вистов 5 на 3
0.0 Вистов 5 на 4
---------------------------
Начало раздачи 12
---------------------------
Карты 3:
CLUBS 10
HEARTS ACE
SPADES 8
CLUBS ACE
DIAMONDS KING
DIAMONDS JACK
SPADES QUEEN
DIAMONDS QUEEN
HEARTS 9
DIAMONDS ACE
---------------------------
Карты 4:
HEARTS 10
SPADES KING
HEARTS QUEEN
CLUBS QUEEN
CLUBS 9
SPADES ACE
SPADES 9
HEARTS 8
HEARTS 7
CLUBS JACK
---------------------------
Карты 5:
SPADES 7
CLUBS KING
DIAMONDS 8
SPADES JACK
HEARTS KING
DIAMONDS 7
HEARTS JACK
SPADES 10
DIAMONDS 10
DIAMONDS 9
---------------------------
Торг тур 1
Contract говорит 3
Contract говорит 4
Contract говорит 5
---------------------------
Торг тур 2
Contract говорит 3
Pas говорит 4
Pas говорит 5
---------------------------
Играем КОНТРАКТ
Ответы при контракте
Contract говорит 3
Vist говорит 4
Vist говорит 5
---------------------------
Козырь DIAMONDS
---------------------------
---------------------------
3 Пололожил SPADES 8
4Пололожил SPADES KING
5 Пололожил SPADES 7
4 Забрал взятку
---------------------------
4 Пололожил HEARTS 10
3Пололожил HEARTS 9
5 Пололожил HEARTS KING
5 Забрал взятку
---------------------------
5 Пололожил CLUBS KING
3Пололожил CLUBS ACE
4 Пололожил CLUBS QUEEN
3 Забрал взятку
---------------------------
3 Пололожил DIAMONDS KING
4Пололожил HEARTS QUEEN
5 Пололожил DIAMONDS 8
3 Забрал взятку
---------------------------
3 Пололожил DIAMONDS JACK
4Пололожил CLUBS 9
5 Пололожил DIAMONDS 7
3 Забрал взятку
---------------------------
3 Пололожил SPADES QUEEN
4Пололожил SPADES ACE
5 Пололожил SPADES JACK
4 Забрал взятку
---------------------------
4 Пололожил SPADES 9
3Пололожил DIAMONDS QUEEN
5 Пололожил SPADES 10
3 Забрал взятку
---------------------------
3 Пололожил DIAMONDS ACE
4Пололожил HEARTS 8
5 Пололожил DIAMONDS 10
3 Забрал взятку
---------------------------
3 Пололожил CLUBS 8
4Пололожил CLUBS JACK
5 Пололожил DIAMONDS 9
5 Забрал взятку
---------------------------
5 Пололожил HEARTS JACK
3Пололожил CLUBS 7
4 Пололожил HEARTS 7
5 Забрал взятку
---------------------------
20 Гора 3
18 Пуля 3
84.0 Вистов 3 на 4
0.0 Вистов 3 на 5
---------------------------
10 Гора 4
6 Пуля 4
500.0 Вистов 4 на 3
0.0 Вистов 4 на 5
---------------------------
10 Гора 5
0 Пуля 5
410.0 Вистов 5 на 3
0.0 Вистов 5 на 4
---------------------------
Начало раздачи 13
---------------------------
Карты 3:
SPADES 8
DIAMONDS 10
HEARTS 7
HEARTS KING
HEARTS 8
DIAMONDS ACE
CLUBS QUEEN
SPADES QUEEN
DIAMONDS 9
CLUBS 10
---------------------------
Карты 4:
HEARTS ACE
HEARTS JACK
CLUBS KING
CLUBS ACE
HEARTS 10
DIAMONDS KING
SPADES KING
CLUBS JACK
SPADES JACK
SPADES 9
---------------------------
Карты 5:
HEARTS QUEEN
SPADES 10
DIAMONDS JACK
HEARTS 9
DIAMONDS 8
CLUBS 7
SPADES 7
DIAMONDS QUEEN
CLUBS 9
SPADES ACE
---------------------------
Торг тур 1
Pas говорит 3
Pas говорит 4
Pas говорит 5
---------------------------
Торг тур 2
Pas говорит 3
Pas говорит 4
Pas говорит 5
---------------------------
Играем РАСПАС
---------------------------
Raund 0
2 Пололожил DIAMONDS 7
3 Пололожил DIAMONDS 10
4 Пололожил DIAMONDS KING
5 Пололожил DIAMONDS JACK
4 Забрал взятку 
---------------------------
Raund 1
2 Пололожил CLUBS 8
4 Пололожил CLUBS KING
3 Пололожил CLUBS QUEEN
5 Пололожил CLUBS 7
4 Забрал взятку 
---------------------------
Raund 2
4 Пололожил HEARTS ACE
3 Пололожил HEARTS 7
5 Пололожил HEARTS QUEEN
4 Забрал взятку 
---------------------------
Raund 3
4 Пололожил HEARTS JACK
3 Пололожил HEARTS KING
5 Пололожил HEARTS 9
3 Забрал взятку 
---------------------------
Raund 4
3 Пололожил SPADES 8
4 Пололожил SPADES KING
5 Пололожил SPADES 10
4 Забрал взятку 
---------------------------
Raund 5
4 Пололожил CLUBS ACE
3 Пололожил CLUBS 10
5 Пололожил CLUBS 9
4 Забрал взятку 
---------------------------
Raund 6
4 Пололожил HEARTS 10
3 Пололожил HEARTS 8
5 Пололожил DIAMONDS 8
4 Забрал взятку 
---------------------------
Raund 7
4 Пололожил CLUBS JACK
3 Пололожил DIAMONDS ACE
5 Пололожил SPADES 7
4 Забрал взятку 
---------------------------
Raund 8
4 Пололожил SPADES JACK
3 Пололожил SPADES QUEEN
5 Пололожил SPADES ACE
5 Забрал взятку 
---------------------------
Raund 9
5 Пололожил DIAMONDS QUEEN
3 Пололожил DIAMONDS 9
4 Пололожил SPADES 9
5 Забрал взятку 
---------------------------
42 Гора 3
18 Пуля 3
84.0 Вистов 3 на 4
0.0 Вистов 3 на 5
---------------------------
14 Гора 4
6 Пуля 4
500.0 Вистов 4 на 3
0.0 Вистов 4 на 5
---------------------------
10 Гора 5
0 Пуля 5
410.0 Вистов 5 на 3
0.0 Вистов 5 на 4
---------------------------
Начало раздачи 14
---------------------------
Карты 3:
SPADES 9
CLUBS KING
CLUBS QUEEN
SPADES 7
DIAMONDS KING
DIAMONDS 9
HEARTS 8
HEARTS 10
HEARTS JACK
SPADES 10
---------------------------
Карты 4:
CLUBS 8
CLUBS 7
CLUBS 9
CLUBS 10
CLUBS ACE
DIAMONDS ACE
DIAMONDS QUEEN
DIAMONDS JACK
DIAMONDS 7
HEARTS 9
---------------------------
Карты 5:
DIAMONDS 10
HEARTS KING
SPADES ACE
SPADES JACK
HEARTS 7
SPADES KING
CLUBS JACK
HEARTS QUEEN
DIAMONDS 8
SPADES QUEEN
---------------------------
Торг тур 1
Pas говорит 3
Contract говорит 4
Contract говорит 5
---------------------------
Торг тур 2
Pas говорит 3
Contract говорит 4
Pas говорит 5
---------------------------
Играем КОНТРАКТ
Ответы при контракте
Vist говорит 3
Contract говорит 4
Pas говорит 5
---------------------------
Козырь CLUBS
---------------------------
3 говорит: играем в закрытую
---------------------------
3 Пололожил SPADES 9
4Пололожил SPADES 8
5 Пололожил SPADES ACE
5 Забрал взятку
---------------------------
5 Пололожил DIAMONDS 10
3Пололожил DIAMONDS KING
4 Пололожил DIAMONDS ACE
4 Забрал взятку
---------------------------
4 Пололожил CLUBS 9
3Пололожил CLUBS KING
5 Пололожил CLUBS JACK
3 Забрал взятку
---------------------------
3 Пололожил CLUBS QUEEN
4Пололожил CLUBS 10
5 Пололожил HEARTS KING
3 Забрал взятку
---------------------------
3 Пололожил SPADES 7
4Пололожил CLUBS ACE
5 Пололожил SPADES JACK
4 Забрал взятку
---------------------------
4 Пололожил DIAMONDS QUEEN
3Пололожил DIAMONDS 9
5 Пололожил DIAMONDS 8
4 Забрал взятку
---------------------------
4 Пололожил DIAMONDS JACK
3Пололожил HEARTS 8
5 Пололожил HEARTS 7
4 Забрал взятку
---------------------------
4 Пололожил DIAMONDS 7
3Пололожил HEARTS 10
5 Пололожил SPADES KING
4 Забрал взятку
---------------------------
4 Пололожил HEARTS 9
3Пололожил HEARTS JACK
5 Пололожил HEARTS QUEEN
5 Забрал взятку
---------------------------
5 Пололожил SPADES QUEEN
3Пололожил SPADES 10
4 Пололожил HEARTS ACE
5 Забрал взятку
---------------------------
42 Гора 3
18 Пуля 3
594.0 Вистов 3 на 4
0.0 Вистов 3 на 5
---------------------------
14 Гора 4
8 Пуля 4
500.0 Вистов 4 на 3
0.0 Вистов 4 на 5
---------------------------
10 Гора 5
0 Пуля 5
410.0 Вистов 5 на 3
0.0 Вистов 5 на 4
---------------------------
Начало раздачи 15
---------------------------
Карты 3:
DIAMONDS QUEEN
CLUBS KING
DIAMONDS 7
CLUBS 10
CLUBS JACK
CLUBS 7
DIAMONDS 10
SPADES ACE
SPADES KING
SPADES JACK
---------------------------
Карты 4:
SPADES 7
HEARTS ACE
DIAMONDS JACK
HEARTS 9
SPADES 9
HEARTS JACK
DIAMONDS 9
HEARTS 7
SPADES 8
CLUBS 8
---------------------------
Карты 5:
DIAMONDS ACE
DIAMONDS 8
SPADES QUEEN
HEARTS QUEEN
CLUBS 9
DIAMONDS KING
HEARTS 10
HEARTS KING
CLUBS QUEEN
HEARTS 8
---------------------------
Торг тур 1
Contract говорит 3
Misery говорит 4
Contract говорит 5
---------------------------
Торг тур 2
Pas говорит 3
Misery говорит 4
Pas говорит 5
---------------------------
Играем в МИЗЕР
---------------------------
Raund 0
3 Пололожил DIAMONDS QUEEN
4 Пололожил DIAMONDS JACK
5 Пололожил DIAMONDS ACE
5 Забрал взятку 
---------------------------
Raund 1
5 Пололожил DIAMONDS 8
3 Пололожил DIAMONDS 7
4 Пололожил DIAMONDS 9
4 Забрал взятку 
---------------------------
Raund 2
4 Пололожил HEARTS 9
3 Пололожил CLUBS KING
5 Пололожил HEARTS QUEEN
5 Забрал взятку 
---------------------------
Raund 3
5 Пололожил SPADES QUEEN
3 Пололожил SPADES ACE
4 Пололожил SPADES 9
3 Забрал взятку 
---------------------------
Raund 4
3 Пололожил CLUBS 10
4 Пололожил CLUBS 8
5 Пололожил CLUBS 9
3 Забрал взятку 
---------------------------
Raund 5
3 Пололожил CLUBS JACK
4 Пололожил CLUBS ACE
5 Пололожил CLUBS QUEEN
4 Забрал взятку 
---------------------------
Raund 6
4 Пололожил HEARTS JACK
3 Пололожил CLUBS 7
5 Пололожил HEARTS 10
4 Забрал взятку 
---------------------------
Raund 7
4 Пололожил HEARTS 7
3 Пололожил DIAMONDS 10
5 Пололожил HEARTS KING
5 Забрал взятку 
---------------------------
Raund 8
5 Пололожил DIAMONDS KING
3 Пололожил SPADES KING
4 Пололожил SPADES 8
5 Забрал взятку 
---------------------------
Raund 9
5 Пололожил HEARTS 8
3 Пололожил SPADES JACK
4 Пололожил SPADES 10
5 Забрал взятку 
---------------------------
42 Гора 3
18 Пуля 3
594.0 Вистов 3 на 4
0.0 Вистов 3 на 5
---------------------------
24 Гора 4
8 Пуля 4
500.0 Вистов 4 на 3
0.0 Вистов 4 на 5
---------------------------
10 Гора 5
0 Пуля 5
410.0 Вистов 5 на 3
0.0 Вистов 5 на 4
---------------------------
Начало раздачи 16
---------------------------
Карты 3:
SPADES 8
HEARTS 7
HEARTS 10
HEARTS JACK
SPADES JACK
SPADES 10
SPADES 7
DIAMONDS 8
DIAMONDS ACE
HEARTS ACE
---------------------------
Карты 4:
CLUBS ACE
CLUBS 8
HEARTS 9
SPADES QUEEN
DIAMONDS 9
SPADES 9
DIAMONDS 10
CLUBS JACK
HEARTS QUEEN
DIAMONDS JACK
---------------------------
Карты 5:
SPADES ACE
DIAMONDS 7
CLUBS 10
DIAMONDS KING
HEARTS 8
CLUBS QUEEN
CLUBS 9
DIAMONDS QUEEN
SPADES KING
HEARTS KING
---------------------------
Торг тур 1
Contract говорит 3
Pas говорит 4
Pas говорит 5
---------------------------
Торг тур 2
Contract говорит 3
Pas говорит 4
Pas говорит 5
---------------------------
Играем КОНТРАКТ
Ответы при контракте
Contract говорит 3
Vist говорит 4
Vist говорит 5
---------------------------
Козырь HEARTS
---------------------------
---------------------------
3 Пололожил HEARTS 10
4Пололожил HEARTS 9
5 Пололожил HEARTS 8
3 Забрал взятку
---------------------------
3 Пололожил HEARTS JACK
4Пололожил HEARTS QUEEN
5 Пололожил HEARTS KING
5 Забрал взятку
---------------------------
5 Пололожил SPADES ACE
3Пололожил SPADES JACK
4 Пололожил SPADES QUEEN
5 Забрал взятку
---------------------------
5 Пололожил DIAMONDS 7
3Пололожил DIAMONDS 8
4 Пололожил DIAMONDS 9
4 Забрал взятку
---------------------------
4 Пололожил CLUBS ACE
3Пололожил CLUBS 7
5 Пололожил CLUBS 10
4 Забрал взятку
---------------------------
4 Пололожил CLUBS 8
3Пололожил CLUBS KING
5 Пололожил CLUBS QUEEN
3 Забрал взятку
---------------------------
3 Пололожил SPADES 10
4Пололожил SPADES 9
5 Пололожил SPADES KING
5 Забрал взятку
---------------------------
5 Пололожил DIAMONDS KING
3Пололожил DIAMONDS ACE
4 Пололожил DIAMONDS 10
3 Забрал взятку
---------------------------
3 Пололожил SPADES 7
4Пололожил CLUBS JACK
5 Пололожил CLUBS 9
3 Забрал взятку
---------------------------
3 Пололожил HEARTS ACE
4Пололожил DIAMONDS JACK
5 Пололожил DIAMONDS QUEEN
3 Забрал взятку
---------------------------
42 Гора 3
20 Пуля 3
594.0 Вистов 3 на 4
0.0 Вистов 3 на 5
---------------------------
24 Гора 4
8 Пуля 4
604.0 Вистов 4 на 3
0.0 Вистов 4 на 5
---------------------------
10 Гора 5
0 Пуля 5
508.0 Вистов 5 на 3
0.0 Вистов 5 на 4
---------------------------
Начало раздачи 17
---------------------------
Карты 3:
HEARTS 7
CLUBS 10
HEARTS 9
SPADES 7
CLUBS JACK
DIAMONDS KING
HEARTS 10
CLUBS 7
DIAMONDS 10
SPADES QUEEN
---------------------------
Карты 4:
HEARTS JACK
DIAMONDS 7
DIAMONDS JACK
SPADES 10
HEARTS QUEEN
HEARTS KING
SPADES JACK
CLUBS 9
CLUBS 8
SPADES 9
---------------------------
Карты 5:
HEARTS 8
SPADES 8
DIAMONDS 9
SPADES KING
DIAMONDS QUEEN
CLUBS ACE
CLUBS KING
CLUBS QUEEN
HEARTS ACE
DIAMONDS 8
---------------------------
Торг тур 1
Misery говорит 3
Pas говорит 4
Pas говорит 5
---------------------------
Торг тур 2
Misery говорит 3
Pas говорит 4
Pas говорит 5
---------------------------
Играем в МИЗЕР
---------------------------
Raund 0
3 Пололожил HEARTS 9
4 Пололожил HEARTS JACK
5 Пололожил HEARTS 8
4 Забрал взятку 
---------------------------
Raund 1
4 Пололожил DIAMONDS 7
3 Пололожил DIAMONDS KING
5 Пололожил DIAMONDS 9
3 Забрал взятку 
---------------------------
Raund 2
3 Пололожил SPADES 7
4 Пололожил SPADES 10
5 Пололожил SPADES 8
4 Забрал взятку 
---------------------------
Raund 3
4 Пололожил DIAMONDS JACK
3 Пололожил DIAMONDS 10
5 Пололожил DIAMONDS QUEEN
5 Забрал взятку 
---------------------------
Raund 4
5 Пололожил SPADES KING
3 Пололожил SPADES QUEEN
4 Пололожил SPADES JACK
5 Забрал взятку 
---------------------------
Raund 5
5 Пололожил CLUBS ACE
3 Пололожил CLUBS JACK
4 Пололожил CLUBS 9
5 Забрал взятку 
---------------------------
Raund 6
5 Пололожил CLUBS KING
3 Пололожил CLUBS 7
4 Пололожил CLUBS 8
5 Забрал взятку 
---------------------------
Raund 7
5 Пололожил CLUBS QUEEN
3 Пололожил HEARTS 10
4 Пололожил HEARTS QUEEN
5 Забрал взятку 
---------------------------
Raund 8
5 Пололожил HEARTS ACE
3 Пололожил SPADES ACE
4 Пололожил HEARTS KING
5 Забрал взятку 
---------------------------
Raund 9
5 Пололожил DIAMONDS 8
3 Пололожил DIAMONDS ACE
4 Пололожил SPADES 9
3 Забрал взятку 
---------------------------
52 Гора 3
20 Пуля 3
594.0 Вистов 3 на 4
0.0 Вистов 3 на 5
---------------------------
24 Гора 4
8 Пуля 4
604.0 Вистов 4 на 3
0.0 Вистов 4 на 5
---------------------------
10 Гора 5
0 Пуля 5
508.0 Вистов 5 на 3
0.0 Вистов 5 на 4
---------------------------
Начало раздачи 18
---------------------------
Карты 3:
SPADES ACE
SPADES 7
DIAMONDS 9
CLUBS ACE
HEARTS 9
SPADES 10
HEARTS QUEEN
SPADES JACK
CLUBS 10
CLUBS JACK
---------------------------
Карты 4:
DIAMONDS QUEEN
DIAMONDS ACE
HEARTS 10
HEARTS 7
CLUBS 9
CLUBS QUEEN
DIAMONDS KING
HEARTS JACK
HEARTS ACE
HEARTS 8
---------------------------
Карты 5:
CLUBS 7
SPADES 8
DIAMONDS 8
SPADES 9
HEARTS KING
CLUBS 8
SPADES QUEEN
DIAMONDS JACK
CLUBS KING
SPADES KING
---------------------------
Торг тур 1
Contract говорит 3
Contract говорит 4
Contract говорит 5
---------------------------
Торг тур 2
Contract говорит 3
Pas говорит 4
Pas говорит 5
---------------------------
Играем КОНТРАКТ
Ответы при контракте
Contract говорит 3
Vist говорит 4
Vist говорит 5
---------------------------
Козырь SPADES
---------------------------
---------------------------
3 Пололожил DIAMONDS 9
4Пололожил DIAMONDS QUEEN
5 Пололожил DIAMONDS 8
4 Забрал взятку
---------------------------
4 Пололожил DIAMONDS ACE
3Пололожил DIAMONDS 7
5 Пололожил DIAMONDS JACK
4 Забрал взятку
---------------------------
4 Пололожил HEARTS 10
3Пололожил HEARTS 9
5 Пололожил HEARTS KING
5 Забрал взятку
---------------------------
5 Пололожил CLUBS 7
3Пололожил CLUBS ACE
4 Пололожил CLUBS 9
3 Забрал взятку
---------------------------
3 Пололожил SPADES 10
4Пололожил HEARTS 7
5 Пололожил SPADES 8
3 Забрал взятку
---------------------------
3 Пололожил HEARTS QUEEN
4Пололожил HEARTS JACK
5 Пололожил SPADES 9
5 Забрал взятку
---------------------------
5 Пололожил CLUBS 8
3Пололожил CLUBS 10
4 Пололожил CLUBS QUEEN
4 Забрал взятку
---------------------------
4 Пололожил DIAMONDS KING
3Пололожил DIAMONDS 10
5 Пололожил SPADES QUEEN
5 Забрал взятку
---------------------------
5 Пололожил CLUBS KING
3Пололожил CLUBS JACK
4 Пололожил HEARTS ACE
5 Забрал взятку
---------------------------
5 Пололожил SPADES KING
3Пололожил SPADES JACK
4 Пололожил HEARTS 8
5 Забрал взятку
---------------------------
52 Гора 3
22 Пуля 3
594.0 Вистов 3 на 4
0.0 Вистов 3 на 5
---------------------------
24 Гора 4
8 Пуля 4
718.0 Вистов 4 на 3
0.0 Вистов 4 на 5
---------------------------
10 Гора 5
0 Пуля 5
628.0 Вистов 5 на 3
0.0 Вистов 5 на 4
---------------------------
Начало раздачи 19
---------------------------
Карты 3:
DIAMONDS ACE
HEARTS ACE
DIAMONDS QUEEN
SPADES ACE
DIAMONDS 8
HEARTS 10
SPADES 7
SPADES 9
DIAMONDS JACK
HEARTS 8
---------------------------
Карты 4:
HEARTS QUEEN
SPADES JACK
DIAMONDS KING
SPADES 8
CLUBS 8
CLUBS 7
SPADES 10
CLUBS 9
HEARTS 7
CLUBS 10
---------------------------
Карты 5:
SPADES QUEEN
CLUBS KING
DIAMONDS 10
CLUBS ACE
DIAMONDS 9
DIAMONDS 7
CLUBS JACK
HEARTS JACK
CLUBS QUEEN
HEARTS KING
---------------------------
Торг тур 1
Contract говорит 3
Misery говорит 4
Contract говорит 5
---------------------------
Торг тур 2
Pas говорит 3
Misery говорит 4
Pas говорит 5
---------------------------
Играем в МИЗЕР
---------------------------
Raund 0
3 Пололожил DIAMONDS ACE
4 Пололожил DIAMONDS KING
5 Пололожил DIAMONDS 10
3 Забрал взятку 
---------------------------
Raund 1
3 Пололожил HEARTS ACE
4 Пололожил HEARTS 7
5 Пололожил HEARTS JACK
3 Забрал взятку 
---------------------------
Raund 2
3 Пололожил DIAMONDS QUEEN
4 Пололожил SPADES 8
5 Пололожил DIAMONDS 9
3 Забрал взятку 
---------------------------
Raund 3
3 Пололожил SPADES ACE
4 Пололожил SPADES 10
5 Пололожил SPADES QUEEN
3 Забрал взятку 
---------------------------
Raund 4
3 Пололожил DIAMONDS 8
4 Пололожил CLUBS 8
5 Пололожил DIAMONDS 7
3 Забрал взятку 
---------------------------
Raund 5
3 Пололожил HEARTS 10
4 Пололожил HEARTS 9
5 Пололожил HEARTS KING
5 Забрал взятку 
---------------------------
Raund 6
5 Пололожил CLUBS KING
3 Пололожил SPADES 7
4 Пололожил CLUBS 7
5 Забрал взятку 
---------------------------
Raund 7
5 Пололожил CLUBS ACE
3 Пололожил SPADES 9
4 Пололожил CLUBS 9
5 Забрал взятку 
---------------------------
Raund 8
5 Пололожил CLUBS JACK
3 Пололожил DIAMONDS JACK
4 Пололожил CLUBS 10
5 Забрал взятку 
---------------------------
Raund 9
5 Пололожил CLUBS QUEEN
3 Пололожил HEARTS 8
4 Пололожил SPADES KING
5 Забрал взятку 
---------------------------
52 Гора 3
22 Пуля 3
594.0 Вистов 3 на 4
0.0 Вистов 3 на 5
---------------------------
34 Гора 4
8 Пуля 4
718.0 Вистов 4 на 3
0.0 Вистов 4 на 5
---------------------------
10 Гора 5
0 Пуля 5
628.0 Вистов 5 на 3
0.0 Вистов 5 на 4
---------------------------
Начало раздачи 20
---------------------------
Карты 3:
DIAMONDS 7
CLUBS QUEEN
HEARTS QUEEN
CLUBS KING
HEARTS 8
CLUBS 10
HEARTS 10
DIAMONDS QUEEN
CLUBS 8
SPADES 10
---------------------------
Карты 4:
HEARTS KING
SPADES QUEEN
DIAMONDS JACK
CLUBS 9
SPADES 9
CLUBS JACK
HEARTS 9
SPADES JACK
HEARTS JACK
HEARTS 7
---------------------------
Карты 5:
DIAMONDS 9
CLUBS 7
SPADES ACE
SPADES KING
DIAMONDS 8
DIAMONDS KING
HEARTS ACE
DIAMONDS ACE
SPADES 7
DIAMONDS 10
---------------------------
Торг тур 1
Contract говорит 3
Contract говорит 4
Contract говорит 5
---------------------------
Торг тур 2
Contract говорит 3
Pas говорит 4
Pas говорит 5
---------------------------
Играем КОНТРАКТ
Ответы при контракте
Contract говорит 3
Vist говорит 4
Vist говорит 5
---------------------------
Козырь CLUBS
---------------------------
---------------------------
3 Пололожил HEARTS QUEEN
4Пололожил HEARTS KING
5 Пололожил HEARTS ACE
5 Забрал взятку
---------------------------
5 Пололожил DIAMONDS 9
3Пололожил DIAMONDS QUEEN
4 Пололожил DIAMONDS JACK
3 Забрал взятку
---------------------------
3 Пололожил CLUBS KING
4Пололожил CLUBS 9
5 Пололожил CLUBS 7
3 Забрал взятку
---------------------------
3 Пололожил HEARTS 8
4Пололожил HEARTS 9
5 Пололожил SPADES ACE
4 Забрал взятку
---------------------------
4 Пололожил SPADES QUEEN
3Пололожил SPADES 10
5 Пололожил SPADES KING
5 Забрал взятку
---------------------------
5 Пололожил DIAMONDS 8
3Пололожил CLUBS 10
4 Пололожил CLUBS JACK
4 Забрал взятку
---------------------------
4 Пололожил SPADES 9
3Пололожил SPADES 8
5 Пололожил SPADES 7
4 Забрал взятку
---------------------------
4 Пололожил SPADES JACK
3Пололожил CLUBS 8
5 Пололожил DIAMONDS KING
3 Забрал взятку
---------------------------
3 Пололожил HEARTS 10
4Пололожил HEARTS JACK
5 Пололожил DIAMONDS ACE
4 Забрал взятку
---------------------------
4 Пололожил HEARTS 7
3Пололожил CLUBS ACE
5 Пололожил DIAMONDS 10
3 Забрал взятку
---------------------------
52 Гора 3
26 Пуля 3
594.0 Вистов 3 на 4
0.0 Вистов 3 на 5
---------------------------
34 Гора 4
8 Пуля 4
962.0 Вистов 4 на 3
0.0 Вистов 4 на 5
---------------------------
10 Гора 5
0 Пуля 5
896.0 Вистов 5 на 3
0.0 Вистов 5 на 4
---------------------------
Начало раздачи 21
---------------------------
Карты 3:
HEARTS ACE
DIAMONDS JACK
DIAMONDS 7
SPADES JACK
CLUBS 10
CLUBS 8
DIAMONDS 8
SPADES 7
HEARTS 8
HEARTS JACK
---------------------------
Карты 4:
DIAMONDS QUEEN
CLUBS KING
HEARTS 10
HEARTS 7
DIAMONDS 9
SPADES 8
HEARTS QUEEN
SPADES KING
HEARTS KING
CLUBS 9
---------------------------
Карты 5:
CLUBS ACE
SPADES 10
DIAMONDS ACE
SPADES ACE
SPADES QUEEN
HEARTS 9
CLUBS QUEEN
DIAMONDS KING
DIAMONDS 10
CLUBS 7
---------------------------
Торг тур 1
Pas говорит 3
Contract говорит 4
Pas говорит 5
---------------------------
Торг тур 2
Pas говорит 3
Contract говорит 4
Pas говорит 5
---------------------------
Играем КОНТРАКТ
Ответы при контракте
Vist говорит 3
Contract говорит 4
Pas говорит 5
---------------------------
Козырь HEARTS
---------------------------
3 говорит: играем в закрытую
---------------------------
3 Пололожил HEARTS ACE
4Пололожил HEARTS 10
5 Пололожил HEARTS 9
3 Забрал взятку
---------------------------
3 Пололожил DIAMONDS JACK
4Пололожил DIAMONDS 9
5 Пололожил DIAMONDS ACE
5 Забрал взятку
---------------------------
5 Пололожил CLUBS ACE
3Пололожил CLUBS 10
4 Пололожил CLUBS 9
5 Забрал взятку
---------------------------
5 Пололожил SPADES 10
3Пололожил SPADES JACK
4 Пололожил SPADES 8
3 Забрал взятку
---------------------------
3 Пололожил DIAMONDS 7
4Пололожил HEARTS 7
5 Пололожил DIAMONDS KING
4 Забрал взятку
---------------------------
4 Пололожил HEARTS QUEEN
3Пололожил HEARTS 8
5 Пололожил SPADES ACE
4 Забрал взятку
---------------------------
4 Пололожил SPADES KING
3Пололожил SPADES 7
5 Пололожил SPADES QUEEN
4 Забрал взятку
---------------------------
4 Пололожил HEARTS KING
3Пололожил HEARTS JACK
5 Пололожил CLUBS QUEEN
4 Забрал взятку
---------------------------
4 Пололожил SPADES 9
3Пололожил CLUBS 8
5 Пололожил DIAMONDS 10
4 Забрал взятку
---------------------------
4 Пололожил CLUBS JACK
3Пололожил DIAMONDS 8
5 Пололожил CLUBS 7
4 Забрал взятку
---------------------------
52 Гора 3
26 Пуля 3
1096.0 Вистов 3 на 4
0.0 Вистов 3 на 5
---------------------------
34 Гора 4
10 Пуля 4
962.0 Вистов 4 на 3
0.0 Вистов 4 на 5
---------------------------
10 Гора 5
0 Пуля 5
896.0 Вистов 5 на 3
0.0 Вистов 5 на 4
---------------------------
Начало раздачи 22
---------------------------
Карты 3:
SPADES 10
CLUBS 9
CLUBS 7
HEARTS JACK
HEARTS 10
DIAMONDS 7
CLUBS 10
DIAMONDS 8
DIAMONDS ACE
DIAMONDS KING
---------------------------
Карты 4:
SPADES ACE
HEARTS ACE
SPADES QUEEN
SPADES 8
CLUBS KING
CLUBS ACE
CLUBS 8
HEARTS 7
DIAMONDS 10
DIAMONDS QUEEN
---------------------------
Карты 5:
HEARTS 8
CLUBS QUEEN
SPADES 7
HEARTS 9
SPADES KING
DIAMONDS JACK
DIAMONDS 9
SPADES 9
CLUBS JACK
HEARTS KING
---------------------------
Торг тур 1
Misery говорит 3
Pas говорит 4
Pas говорит 5
---------------------------
Торг тур 2
Misery говорит 3
Pas говорит 4
Pas говорит 5
---------------------------
Играем в МИЗЕР
---------------------------
Raund 0
3 Пололожил CLUBS 7
4 Пололожил CLUBS KING
5 Пололожил CLUBS QUEEN
4 Забрал взятку 
---------------------------
Raund 1
4 Пололожил SPADES ACE
3 Пололожил SPADES JACK
5 Пололожил SPADES 7
4 Забрал взятку 
---------------------------
Raund 2
4 Пололожил HEARTS ACE
3 Пололожил HEARTS JACK
5 Пололожил HEARTS 8
4 Забрал взятку 
---------------------------
Raund 3
4 Пололожил SPADES QUEEN
3 Пололожил HEARTS 10
5 Пололожил SPADES KING
5 Забрал взятку 
---------------------------
Raund 4
5 Пололожил HEARTS 9
3 Пололожил HEARTS QUEEN
4 Пололожил HEARTS 7
3 Забрал взятку 
---------------------------
Raund 5
3 Пололожил DIAMONDS 7
4 Пололожил DIAMONDS 10
5 Пололожил DIAMONDS JACK
5 Забрал взятку 
---------------------------
Raund 6
5 Пололожил DIAMONDS 9
3 Пололожил DIAMONDS 8
4 Пололожил DIAMONDS QUEEN
4 Забрал взятку 
---------------------------
Raund 7
4 Пололожил SPADES 8
3 Пололожил CLUBS 10
5 Пололожил SPADES 9
5 Забрал взятку 
---------------------------
Raund 8
5 Пололожил CLUBS JACK
3 Пололожил DIAMONDS ACE
4 Пололожил CLUBS ACE
4 Забрал взятку 
---------------------------
Raund 9
4 Пололожил CLUBS 8
3 Пололожил DIAMONDS KING
5 Пололожил HEARTS KING
4 Забрал взятку 
---------------------------
62 Гора 3
26 Пуля 3
1096.0 Вистов 3 на 4
0.0 Вистов 3 на 5
---------------------------
34 Гора 4
10 Пуля 4
962.0 Вистов 4 на 3
0.0 Вистов 4 на 5
---------------------------
10 Гора 5
0 Пуля 5
896.0 Вистов 5 на 3
0.0 Вистов 5 на 4
---------------------------
Начало раздачи 23
---------------------------
Карты 3:
CLUBS 9
SPADES 7
HEARTS 8
DIAMONDS KING
SPADES ACE
SPADES KING
SPADES 10
HEARTS JACK
HEARTS 9
SPADES 9
---------------------------
Карты 4:
DIAMONDS 10
HEARTS KING
HEARTS 7
HEARTS ACE
CLUBS KING
CLUBS QUEEN
CLUBS JACK
SPADES QUEEN
HEARTS 10
DIAMONDS 8
---------------------------
Карты 5:
DIAMONDS ACE
DIAMONDS 7
DIAMONDS JACK
SPADES 8
CLUBS 8
SPADES JACK
DIAMONDS QUEEN
DIAMONDS 9
CLUBS 10
CLUBS 7
---------------------------
Торг тур 1
Contract говорит 3
Contract говорит 4
Contract говорит 5
---------------------------
Торг тур 2
Contract говорит 3
Pas говорит 4
Pas говорит 5
---------------------------
Играем КОНТРАКТ
Ответы при контракте
Contract говорит 3
Vist говорит 4
Vist говорит 5
---------------------------
Козырь SPADES
---------------------------
---------------------------
3 Пололожил HEARTS 8
4Пололожил HEARTS KING
5 Пололожил SPADES 8
5 Забрал взятку
---------------------------
5 Пололожил DIAMONDS ACE
3Пололожил DIAMONDS KING
4 Пололожил DIAMONDS 10
5 Забрал взятку
---------------------------
5 Пололожил DIAMONDS 7
3Пололожил SPADES ACE
4 Пололожил DIAMONDS 8
3 Забрал взятку
---------------------------
3 Пололожил SPADES KING
4Пололожил SPADES QUEEN
5 Пололожил SPADES JACK
3 Забрал взятку
---------------------------
3 Пололожил SPADES 10
4Пололожил HEARTS 7
5 Пололожил DIAMONDS JACK
3 Забрал взятку
---------------------------
3 Пололожил HEARTS JACK
4Пололожил HEARTS ACE
5 Пололожил CLUBS 8
4 Забрал взятку
---------------------------
4 Пололожил CLUBS KING
3Пололожил CLUBS ACE
5 Пололожил CLUBS 10
3 Забрал взятку
---------------------------
3 Пололожил HEARTS 9
4Пололожил HEARTS 10
5 Пололожил DIAMONDS QUEEN
4 Забрал взятку
---------------------------
4 Пололожил CLUBS QUEEN
3Пололожил SPADES 9
5 Пололожил CLUBS 7
3 Забрал взятку
---------------------------
3 Пололожил HEARTS QUEEN
4Пололожил CLUBS JACK
5 Пололожил DIAMONDS 9
3 Забрал взятку
---------------------------
62 Гора 3
30 Пуля 3
1096.0 Вистов 3 на 4
0.0 Вистов 3 на 5
---------------------------
34 Гора 4
10 Пуля 4
1262.0 Вистов 4 на 3
0.0 Вистов 4 на 5
---------------------------
10 Гора 5
0 Пуля 5
1192.0 Вистов 5 на 3
0.0 Вистов 5 на 4
---------------------------
Начало раздачи 24
---------------------------
Карты 3:
HEARTS KING
HEARTS 7
DIAMONDS 7
DIAMONDS JACK
DIAMONDS QUEEN
SPADES 9
CLUBS QUEEN
HEARTS JACK
HEARTS 8
SPADES JACK
---------------------------
Карты 4:
SPADES ACE
CLUBS 9
CLUBS 8
DIAMONDS 10
SPADES QUEEN
DIAMONDS ACE
CLUBS ACE
DIAMONDS 8
DIAMONDS 9
SPADES 8
---------------------------
Карты 5:
HEARTS QUEEN
CLUBS 7
HEARTS 10
CLUBS KING
SPADES 10
HEARTS 9
SPADES KING
CLUBS JACK
HEARTS ACE
SPADES 7
---------------------------
Торг тур 1
Contract говорит 3
Contract говорит 4
Contract говорит 5
---------------------------
Торг тур 2
Contract говорит 3
Pas говорит 4
Pas говорит 5
---------------------------
Играем КОНТРАКТ
Ответы при контракте
Contract говорит 3
Vist говорит 4
Vist говорит 5
---------------------------
Козырь HEARTS
---------------------------
---------------------------
3 Пололожил DIAMONDS 7
4Пололожил DIAMONDS 10
5 Пололожил HEARTS QUEEN
5 Забрал взятку
---------------------------
5 Пололожил CLUBS 7
3Пололожил CLUBS QUEEN
4 Пололожил CLUBS 9
3 Забрал взятку
---------------------------
3 Пололожил DIAMONDS JACK
4Пололожил DIAMONDS ACE
5 Пололожил HEARTS 10
5 Забрал взятку
---------------------------
5 Пололожил CLUBS KING
3Пололожил CLUBS 10
4 Пололожил CLUBS 8
5 Забрал взятку
---------------------------
5 Пололожил SPADES 10
3Пололожил SPADES 9
4 Пололожил SPADES ACE
4 Забрал взятку
---------------------------
4 Пололожил SPADES QUEEN
3Пололожил SPADES JACK
5 Пололожил SPADES KING
5 Забрал взятку
---------------------------
5 Пололожил HEARTS 9
3Пололожил HEARTS JACK
4 Пололожил CLUBS ACE
3 Забрал взятку
---------------------------
3 Пололожил DIAMONDS QUEEN
4Пололожил DIAMONDS 8
5 Пололожил HEARTS ACE
5 Забрал взятку
---------------------------
5 Пололожил CLUBS JACK
3Пололожил HEARTS 8
4 Пололожил DIAMONDS 9
3 Забрал взятку
---------------------------
3 Пололожил DIAMONDS KING
4Пололожил SPADES 8
5 Пололожил SPADES 7
3 Забрал взятку
---------------------------
62 Гора 3
32 Пуля 3
1096.0 Вистов 3 на 4
0.0 Вистов 3 на 5
---------------------------
34 Гора 4
10 Пуля 4
1414.0 Вистов 4 на 3
0.0 Вистов 4 на 5
---------------------------
10 Гора 5
0 Пуля 5
1350.0 Вистов 5 на 3
0.0 Вистов 5 на 4
---------------------------
Начало раздачи 25
---------------------------
Карты 3:
DIAMONDS 8
DIAMONDS 10
DIAMONDS ACE
SPADES 8
DIAMONDS KING
SPADES 7
CLUBS 7
CLUBS 9
HEARTS 10
SPADES 9
---------------------------
Карты 4:
HEARTS JACK
SPADES 10
CLUBS 10
SPADES QUEEN
CLUBS 8
HEARTS 8
HEARTS KING
DIAMONDS JACK
SPADES ACE
CLUBS KING
---------------------------
Карты 5:
DIAMONDS QUEEN
SPADES JACK
HEARTS ACE
HEARTS 9
HEARTS 7
CLUBS QUEEN
DIAMONDS 7
HEARTS QUEEN
CLUBS ACE
DIAMONDS 9
---------------------------
Торг тур 1
Misery говорит 3
Pas говорит 4
Contract говорит 5
---------------------------
Торг тур 2
Misery говорит 3
Pas говорит 4
Pas говорит 5
---------------------------
Играем в МИЗЕР
---------------------------
Raund 0
3 Пололожил DIAMONDS ACE
4 Пололожил DIAMONDS JACK
5 Пололожил DIAMONDS QUEEN
3 Забрал взятку 
---------------------------
Raund 1
3 Пололожил SPADES 8
4 Пололожил SPADES 10
5 Пололожил SPADES JACK
5 Забрал взятку 
---------------------------
Raund 2
5 Пололожил HEARTS ACE
3 Пололожил HEARTS 10
4 Пололожил HEARTS JACK
5 Забрал взятку 
---------------------------
Raund 3
5 Пололожил HEARTS 9
3 Пололожил DIAMONDS KING
4 Пололожил HEARTS 8
5 Забрал взятку 
---------------------------
Raund 4
5 Пололожил HEARTS 7
3 Пололожил SPADES 7
4 Пололожил HEARTS KING
4 Забрал взятку 
---------------------------
Raund 5
4 Пололожил CLUBS 10
3 Пололожил CLUBS 7
5 Пололожил CLUBS QUEEN
5 Забрал взятку 
---------------------------
Raund 6
5 Пололожил DIAMONDS 7
3 Пололожил CLUBS 9
4 Пололожил SPADES QUEEN
5 Забрал взятку 
---------------------------
Raund 7
5 Пололожил HEARTS QUEEN
3 Пололожил SPADES 9
4 Пололожил CLUBS 8
5 Забрал взятку 
---------------------------
Raund 8
5 Пололожил CLUBS ACE
3 Пололожил CLUBS JACK
4 Пололожил CLUBS KING
5 Забрал взятку 
---------------------------
Raund 9
5 Пололожил DIAMONDS 9
3 Пололожил SPADES KING
4 Пололожил SPADES ACE
5 Забрал взятку 
---------------------------
72 Гора 3
32 Пуля 3
1096.0 Вистов 3 на 4
0.0 Вистов 3 на 5
---------------------------
34 Гора 4
10 Пуля 4
1414.0 Вистов 4 на 3
0.0 Вистов 4 на 5
---------------------------
10 Гора 5
0 Пуля 5
1350.0 Вистов 5 на 3
0.0 Вистов 5 на 4
---------------------------
Начало раздачи 26
---------------------------
Карты 3:
SPADES 9
SPADES JACK
CLUBS 9
SPADES ACE
HEARTS 8
DIAMONDS ACE
DIAMONDS QUEEN
CLUBS 7
CLUBS 10
HEARTS ACE
---------------------------
Карты 4:
DIAMONDS JACK
SPADES 7
HEARTS 10
DIAMONDS KING
HEARTS JACK
DIAMONDS 8
DIAMONDS 9
CLUBS QUEEN
HEARTS 9
HEARTS QUEEN
---------------------------
Карты 5:
CLUBS JACK
SPADES 8
DIAMONDS 7
SPADES KING
HEARTS KING
DIAMONDS 10
CLUBS ACE
CLUBS KING
HEARTS 7
SPADES QUEEN
---------------------------
Торг тур 1
Pas говорит 3
Contract говорит 4
Pas говорит 5
---------------------------
Торг тур 2
Pas говорит 3
Contract говорит 4
Pas говорит 5
---------------------------
Играем КОНТРАКТ
Ответы при контракте
Vist говорит 3
Contract говорит 4
Pas говорит 5
---------------------------
Козырь HEARTS
---------------------------
3 говорит: играем в закрытую
---------------------------
3 Пололожил SPADES 9
4Пололожил SPADES 10
5 Пололожил SPADES 8
4 Забрал взятку
---------------------------
4 Пололожил HEARTS 10
3Пололожил HEARTS 8
5 Пололожил HEARTS KING
5 Забрал взятку
---------------------------
5 Пололожил CLUBS JACK
3Пололожил CLUBS 9
4 Пололожил CLUBS QUEEN
4 Забрал взятку
---------------------------
4 Пололожил DIAMONDS KING
3Пололожил DIAMONDS ACE
5 Пололожил DIAMONDS 7
3 Забрал взятку
---------------------------
3 Пололожил SPADES JACK
4Пололожил HEARTS JACK
5 Пололожил SPADES KING
4 Забрал взятку
---------------------------
4 Пололожил DIAMONDS 8
3Пололожил DIAMONDS QUEEN
5 Пололожил DIAMONDS 10
3 Забрал взятку
---------------------------
3 Пололожил SPADES ACE
4Пололожил HEARTS 9
5 Пололожил SPADES QUEEN
4 Забрал взятку
---------------------------
4 Пололожил DIAMONDS 9
3Пололожил HEARTS ACE
5 Пололожил HEARTS 7
3 Забрал взятку
---------------------------
3 Пололожил CLUBS 7
4Пололожил CLUBS 8
5 Пололожил CLUBS ACE
5 Забрал взятку
---------------------------
5 Пололожил CLUBS KING
3Пололожил CLUBS 10
4 Пололожил HEARTS QUEEN
4 Забрал взятку
---------------------------
72 Гора 3
32 Пуля 3
1578.0 Вистов 3 на 4
0.0 Вистов 3 на 5
---------------------------
34 Гора 4
12 Пуля 4
1414.0 Вистов 4 на 3
0.0 Вистов 4 на 5
---------------------------
10 Гора 5
0 Пуля 5
1350.0 Вистов 5 на 3
0.0 Вистов 5 на 4
---------------------------
Начало раздачи 27
---------------------------
Карты 3:
SPADES 8
DIAMONDS KING
HEARTS 8
CLUBS 10
DIAMONDS 8
DIAMONDS 10
HEARTS JACK
HEARTS 9
DIAMONDS QUEEN
HEARTS KING
---------------------------
Карты 4:
SPADES KING
DIAMONDS 9
CLUBS JACK
SPADES 9
SPADES 7
DIAMONDS JACK
SPADES ACE
HEARTS 7
CLUBS QUEEN
CLUBS 8
---------------------------
Карты 5:
DIAMONDS ACE
HEARTS 10
CLUBS 9
CLUBS ACE
HEARTS ACE
CLUBS 7
SPADES JACK
SPADES 10
CLUBS KING
HEARTS QUEEN
---------------------------
Торг тур 1
Contract говорит 3
Contract говорит 4
Contract говорит 5
---------------------------
Торг тур 2
Contract говорит 3
Pas говорит 4
Pas говорит 5
---------------------------
Играем КОНТРАКТ
Ответы при контракте
Contract говорит 3
Vist говорит 4
Vist говорит 5
---------------------------
Козырь HEARTS
---------------------------
---------------------------
3 Пололожил HEARTS 8
4Пололожил HEARTS 7
5 Пололожил HEARTS 10
5 Забрал взятку
---------------------------
5 Пололожил DIAMONDS ACE
3Пололожил DIAMONDS 8
4 Пололожил DIAMONDS 9
5 Забрал взятку
---------------------------
5 Пололожил CLUBS 9
3Пололожил CLUBS 10
4 Пололожил CLUBS JACK
4 Забрал взятку
---------------------------
4 Пололожил SPADES KING
3Пололожил SPADES QUEEN
5 Пололожил SPADES JACK
4 Забрал взятку
---------------------------
4 Пололожил SPADES 9
3Пололожил HEARTS JACK
5 Пололожил SPADES 10
3 Забрал взятку
---------------------------
3 Пололожил DIAMONDS 10
4Пололожил DIAMONDS JACK
5 Пололожил HEARTS ACE
5 Забрал взятку
---------------------------
5 Пололожил CLUBS ACE
3Пололожил HEARTS 9
4 Пололожил CLUBS QUEEN
3 Забрал взятку
---------------------------
3 Пололожил DIAMONDS QUEEN
4Пололожил SPADES 7
5 Пололожил HEARTS QUEEN
5 Забрал взятку
---------------------------
5 Пололожил CLUBS 7
3Пололожил HEARTS KING
4 Пололожил CLUBS 8
3 Забрал взятку
---------------------------
3 Пололожил DIAMONDS 7
4Пололожил SPADES ACE
5 Пололожил CLUBS KING
3 Забрал взятку
---------------------------
72 Гора 3
34 Пуля 3
1578.0 Вистов 3 на 4
0.0 Вистов 3 на 5
---------------------------
34 Гора 4
12 Пуля 4
1582.0 Вистов 4 на 3
0.0 Вистов 4 на 5
---------------------------
10 Гора 5
0 Пуля 5
1536.0 Вистов 5 на 3
0.0 Вистов 5 на 4
---------------------------
Начало раздачи 28
---------------------------
Карты 3:
SPADES QUEEN
SPADES KING
SPADES 10
HEARTS 8
DIAMONDS 9
DIAMONDS JACK
DIAMONDS 8
SPADES JACK
CLUBS KING
SPADES ACE
---------------------------
Карты 4:
HEARTS QUEEN
DIAMONDS QUEEN
HEARTS JACK
HEARTS ACE
DIAMONDS KING
HEARTS 9
CLUBS 8
CLUBS ACE
HEARTS KING
SPADES 8
---------------------------
Карты 5:
CLUBS 9
SPADES 7
HEARTS 7
DIAMONDS 10
DIAMONDS ACE
CLUBS QUEEN
CLUBS JACK
CLUBS 10
CLUBS 7
HEARTS 10
---------------------------
Торг тур 1
Contract говорит 3
Contract говорит 4
Misery говорит 5
---------------------------
Торг тур 2
Pas говорит 3
Pas говорит 4
Misery говорит 5
---------------------------
Играем в МИЗЕР
---------------------------
Raund 0
3 Пололожил SPADES QUEEN
4 Пололожил SPADES 8
5 Пололожил SPADES 9
3 Забрал взятку 
---------------------------
Raund 1
3 Пололожил SPADES KING
4 Пололожил HEARTS QUEEN
5 Пололожил HEARTS 7
3 Забрал взятку 
---------------------------
Raund 2
3 Пололожил SPADES 10
4 Пололожил DIAMONDS QUEEN
5 Пололожил DIAMONDS 10
3 Забрал взятку 
---------------------------
Raund 3
3 Пололожил HEARTS 8
4 Пололожил HEARTS JACK
5 Пололожил HEARTS 10
4 Забрал взятку 
---------------------------
Raund 4
4 Пололожил HEARTS ACE
3 Пололожил DIAMONDS 9
5 Пололожил DIAMONDS ACE
4 Забрал взятку 
---------------------------
Raund 5
4 Пололожил DIAMONDS KING
3 Пололожил DIAMONDS JACK
5 Пололожил DIAMONDS 7
4 Забрал взятку 
---------------------------
Raund 6
4 Пололожил HEARTS 9
3 Пололожил DIAMONDS 8
5 Пололожил CLUBS QUEEN
4 Забрал взятку 
---------------------------
Raund 7
4 Пололожил CLUBS 8
3 Пололожил CLUBS KING
5 Пололожил CLUBS JACK
3 Забрал взятку 
---------------------------
Raund 8
3 Пололожил SPADES JACK
4 Пололожил CLUBS ACE
5 Пололожил CLUBS 10
3 Забрал взятку 
---------------------------
Raund 9
3 Пололожил SPADES ACE
4 Пололожил HEARTS KING
5 Пололожил CLUBS 7
3 Забрал взятку 
---------------------------
72 Гора 3
34 Пуля 3
1578.0 Вистов 3 на 4
0.0 Вистов 3 на 5
---------------------------
34 Гора 4
12 Пуля 4
1582.0 Вистов 4 на 3
0.0 Вистов 4 на 5
---------------------------
20 Гора 5
0 Пуля 5
1536.0 Вистов 5 на 3
0.0 Вистов 5 на 4
---------------------------
Начало раздачи 29
---------------------------
Карты 3:
SPADES 7
SPADES JACK
DIAMONDS 10
HEARTS 8
DIAMONDS 8
SPADES 10
HEARTS JACK
CLUBS JACK
SPADES QUEEN
DIAMONDS 7
---------------------------
Карты 4:
SPADES 9
CLUBS 7
CLUBS 9
DIAMONDS ACE
SPADES KING
HEARTS ACE
CLUBS 8
SPADES ACE
HEARTS 9
HEARTS KING
---------------------------
Карты 5:
CLUBS 10
HEARTS 10
DIAMONDS KING
CLUBS KING
CLUBS QUEEN
CLUBS ACE
DIAMONDS 9
DIAMONDS QUEEN
DIAMONDS JACK
HEARTS 7
---------------------------
Торг тур 1
Contract говорит 3
Pas говорит 4
Contract говорит 5
---------------------------
Торг тур 2
Pas говорит 3
Pas говорит 4
Contract говорит 5
---------------------------
Играем КОНТРАКТ
Ответы при контракте
Pas говорит 3
Vist говорит 4
Contract говорит 5
---------------------------
Козырь DIAMONDS
---------------------------
4 говорит: играем в закрытую
---------------------------
3 Пололожил SPADES 7
4Пололожил SPADES 9
5 Пололожил SPADES 8
4 Забрал взятку
---------------------------
4 Пололожил CLUBS 7
3Пололожил CLUBS JACK
5 Пололожил CLUBS KING
5 Забрал взятку
---------------------------
5 Пололожил DIAMONDS KING
3Пололожил DIAMONDS 10
4 Пололожил DIAMONDS ACE
4 Забрал взятку
---------------------------
4 Пололожил CLUBS 9
3Пололожил DIAMONDS 8
5 Пололожил CLUBS QUEEN
3 Забрал взятку
---------------------------
3 Пололожил SPADES JACK
4Пололожил SPADES KING
5 Пололожил DIAMONDS 9
5 Забрал взятку
---------------------------
5 Пололожил CLUBS ACE
3Пололожил DIAMONDS 7
4 Пололожил CLUBS 8
3 Забрал взятку
---------------------------
3 Пололожил HEARTS 8
4Пололожил HEARTS ACE
5 Пололожил HEARTS 7
4 Забрал взятку
---------------------------
4 Пололожил SPADES ACE
3Пололожил SPADES 10
5 Пололожил DIAMONDS QUEEN
5 Забрал взятку
---------------------------
5 Пололожил DIAMONDS JACK
3Пололожил HEARTS JACK
4 Пололожил HEARTS 9
5 Забрал взятку
---------------------------
5 Пололожил HEARTS QUEEN
3Пололожил SPADES QUEEN
4 Пололожил HEARTS KING
4 Забрал взятку
---------------------------
72 Гора 3
34 Пуля 3
1578.0 Вистов 3 на 4
0.0 Вистов 3 на 5
---------------------------
34 Гора 4
12 Пуля 4
1582.0 Вистов 4 на 3
1766.0 Вистов 4 на 5
---------------------------
20 Гора 5
2 Пуля 5
1536.0 Вистов 5 на 3
0.0 Вистов 5 на 4
---------------------------
---------------------------
